Terminals which are not used

   NEWLINE
   PRINT
   ACTIVATE
   SIGNAL
   DICE
   COMMA
   ATSIGN
   SUBSUB


Grammar

    0 $accept: program $end

    1 program: transformationList

    2 transformationList: transformationList transformation
    3                   | /* empty */

    4 transformation: elementList MODIFY
    5               | elementList STEP

    6 elementList: elementList element
    7            | /* empty */

    8 element: io when act how SOURCE name of
    9        | io when act how DRAIN name of
   10        | io when act how GATE name of
   11        | io when act how POOL name of at max add
   12        | io when act how CONVERTER name from to
   13        | io REF name
   14        | io when act how LBRACE RBRACE name of at max
   15        | name name
   16        | name DOT exp DOT_GT name
   17        | name SUB exp SUB_GT name
   18        | name LCURLY elementList RCURLY
   19        | ASSERT name COLON exp STRING
   20        | DELETE name

   21 io: PRIVATE
   22   | IN
   23   | OUT
   24   | INOUT
   25   | /* empty */

   26 when: PASSIVE
   27     | AUTO
   28     | USER
   29     | START
   30     | /* empty */

   31 act: PULL
   32    | PUSH
   33    | /* empty */

   34 how: ANY
   35    | ALL
   36    | /* empty */

   37 at: AT FPVAL
   38   | /* empty */

   39 max: MAX FPVAL
   40    | /* empty */

   41 add: ADDITION LPAREN exp RPAREN
   42    | /* empty */

   43 of: OF name
   44   | /* empty */

   45 from: FROM name
   46     | /* empty */

   47 to: TO name
   48   | /* empty */

   49 exp: exp AND exp
   50    | exp OR exp
   51    | exp GT exp
   52    | exp GE exp
   53    | exp LT exp
   54    | exp LE exp
   55    | exp NE exp
   56    | exp EQ exp
   57    | exp ADD exp
   58    | exp SUB exp
   59    | exp MUL exp
   60    | exp DIV exp
   61    | UNM exp
   62    | NOT exp
   63    | exp PERCENT
   64    | FPVAL PER FPVAL
   65    | LPAREN exp RPAREN
   66    | FPVAL RANGE FPVAL
   67    | FPVAL
   68    | TRUE
   69    | FALSE
   70    | ALL
   71    | ACTIVE name
   72    | ALIAS
   73    | name
   74    | /* empty */

   75 name: ID


Terminals, with rules where they appear

$end (0) 0
error (256)
ID (258) 75
NEWLINE (259)
PRIVATE (260) 21
IN (261) 22
OUT (262) 23
INOUT (263) 24
PASSIVE (264) 26
AUTO (265) 27
USER (266) 28
START (267) 29
PUSH (268) 32
PULL (269) 31
ALL (270) 35 70
ANY (271) 34
FROM (272) 45
TO (273) 47
OF (274) 43
EQ (275) 56
PRINT (276)
NE (277) 55
LT (278) 53
GT (279) 51
LE (280) 54
GE (281) 52
AND (282) 49
OR (283) 50
NOT (284) 62
TRUE (285) 68
FALSE (286) 69
ACTIVE (287) 71
ASSERT (288) 19
DELETE (289) 20
ACTIVATE (290)
MODIFY (291) 4
STEP (292) 5
SIGNAL (293)
AT (294) 37
MAX (295) 39
DICE (296)
ALIAS (297) 72
DOT (298) 16
PER (299) 64
REF (300) 13
DOT_GT (301) 16
SUB_GT (302) 17
LBRACE (303) 14
RBRACE (304) 14
LCURLY (305) 18
RCURLY (306) 18
COMMA (307)
COLON (308) 19
ATSIGN (309)
RANGE (310) 66
PERCENT (311) 63
SOURCE (312) 8
DRAIN (313) 9
POOL (314) 11
GATE (315) 10
CONVERTER (316) 12
SUB (317) 17 58
ADD (318) 57
MUL (319) 59
DIV (320) 60
FPVAL (321) 37 39 64 66 67
STRING (322) 19
ADDITION (323) 41
SUBSUB (324)
UNM (325) 61
RPAREN (326) 41 65
LPAREN (327) 41 65


Nonterminals, with rules where they appear

$accept (73)
    on left: 0
program (74)
    on left: 1, on right: 0
transformationList (75)
    on left: 2 3, on right: 1 2
transformation (76)
    on left: 4 5, on right: 2
elementList (77)
    on left: 6 7, on right: 4 5 6 18
element (78)
    on left: 8 9 10 11 12 13 14 15 16 17 18 19 20, on right: 6
io (79)
    on left: 21 22 23 24 25, on right: 8 9 10 11 12 13 14
when (80)
    on left: 26 27 28 29 30, on right: 8 9 10 11 12 14
act (81)
    on left: 31 32 33, on right: 8 9 10 11 12 14
how (82)
    on left: 34 35 36, on right: 8 9 10 11 12 14
at (83)
    on left: 37 38, on right: 11 14
max (84)
    on left: 39 40, on right: 11 14
add (85)
    on left: 41 42, on right: 11
of (86)
    on left: 43 44, on right: 8 9 10 11 14
from (87)
    on left: 45 46, on right: 12
to (88)
    on left: 47 48, on right: 12
exp (89)
    on left: 49 50 51 52 53 54 55 56 57 58 59 60 61 62 63 64 65 66
    67 68 69 70 71 72 73 74, on right: 16 17 19 41 49 50 51 52 53 54
    55 56 57 58 59 60 61 62 63 65
name (90)
    on left: 75, on right: 8 9 10 11 12 13 14 15 16 17 18 19 20 43
    45 47 71 73


state 0

    0 $accept: . program $end

    $default  reduce using rule 3 (transformationList)

    program             go to state 1
    transformationList  go to state 2


state 1

    0 $accept: program . $end

    $end  shift, and go to state 3


state 2

    1 program: transformationList .
    2 transformationList: transformationList . transformation

    $end      reduce using rule 1 (program)
    $default  reduce using rule 7 (elementList)

    transformation  go to state 4
    elementList     go to state 5


state 3

    0 $accept: program $end .

    $default  accept


state 4

    2 transformationList: transformationList transformation .

    $default  reduce using rule 2 (transformationList)


state 5

    4 transformation: elementList . MODIFY
    5               | elementList . STEP
    6 elementList: elementList . element

    ID       shift, and go to state 6
    PRIVATE  shift, and go to state 7
    IN       shift, and go to state 8
    OUT      shift, and go to state 9
    INOUT    shift, and go to state 10
    ASSERT   shift, and go to state 11
    DELETE   shift, and go to state 12
    MODIFY   shift, and go to state 13
    STEP     shift, and go to state 14

    $default  reduce using rule 25 (io)

    element  go to state 15
    io       go to state 16
    name     go to state 17


state 6

   75 name: ID .

    $default  reduce using rule 75 (name)


state 7

   21 io: PRIVATE .

    $default  reduce using rule 21 (io)


state 8

   22 io: IN .

    $default  reduce using rule 22 (io)


state 9

   23 io: OUT .

    $default  reduce using rule 23 (io)


state 10

   24 io: INOUT .

    $default  reduce using rule 24 (io)


state 11

   19 element: ASSERT . name COLON exp STRING

    ID  shift, and go to state 6

    name  go to state 18


state 12

   20 element: DELETE . name

    ID  shift, and go to state 6

    name  go to state 19


state 13

    4 transformation: elementList MODIFY .

    $default  reduce using rule 4 (transformation)


state 14

    5 transformation: elementList STEP .

    $default  reduce using rule 5 (transformation)


state 15

    6 elementList: elementList element .

    $default  reduce using rule 6 (elementList)


state 16

    8 element: io . when act how SOURCE name of
    9        | io . when act how DRAIN name of
   10        | io . when act how GATE name of
   11        | io . when act how POOL name of at max add
   12        | io . when act how CONVERTER name from to
   13        | io . REF name
   14        | io . when act how LBRACE RBRACE name of at max

    PASSIVE  shift, and go to state 20
    AUTO     shift, and go to state 21
    USER     shift, and go to state 22
    START    shift, and go to state 23
    REF      shift, and go to state 24

    $default  reduce using rule 30 (when)

    when  go to state 25


state 17

   15 element: name . name
   16        | name . DOT exp DOT_GT name
   17        | name . SUB exp SUB_GT name
   18        | name . LCURLY elementList RCURLY

    ID      shift, and go to state 6
    DOT     shift, and go to state 26
    LCURLY  shift, and go to state 27
    SUB     shift, and go to state 28

    name  go to state 29


state 18

   19 element: ASSERT name . COLON exp STRING

    COLON  shift, and go to state 30


state 19

   20 element: DELETE name .

    $default  reduce using rule 20 (element)


state 20

   26 when: PASSIVE .

    $default  reduce using rule 26 (when)


state 21

   27 when: AUTO .

    $default  reduce using rule 27 (when)


state 22

   28 when: USER .

    $default  reduce using rule 28 (when)


state 23

   29 when: START .

    $default  reduce using rule 29 (when)


state 24

   13 element: io REF . name

    ID  shift, and go to state 6

    name  go to state 31


state 25

    8 element: io when . act how SOURCE name of
    9        | io when . act how DRAIN name of
   10        | io when . act how GATE name of
   11        | io when . act how POOL name of at max add
   12        | io when . act how CONVERTER name from to
   14        | io when . act how LBRACE RBRACE name of at max

    PUSH  shift, and go to state 32
    PULL  shift, and go to state 33

    $default  reduce using rule 33 (act)

    act  go to state 34


state 26

   16 element: name DOT . exp DOT_GT name

    ID      shift, and go to state 6
    ALL     shift, and go to state 35
    NOT     shift, and go to state 36
    TRUE    shift, and go to state 37
    FALSE   shift, and go to state 38
    ACTIVE  shift, and go to state 39
    ALIAS   shift, and go to state 40
    FPVAL   shift, and go to state 41
    UNM     shift, and go to state 42
    LPAREN  shift, and go to state 43

    $default  reduce using rule 74 (exp)

    exp   go to state 44
    name  go to state 45


state 27

   18 element: name LCURLY . elementList RCURLY

    $default  reduce using rule 7 (elementList)

    elementList  go to state 46


state 28

   17 element: name SUB . exp SUB_GT name

    ID      shift, and go to state 6
    ALL     shift, and go to state 35
    NOT     shift, and go to state 36
    TRUE    shift, and go to state 37
    FALSE   shift, and go to state 38
    ACTIVE  shift, and go to state 39
    ALIAS   shift, and go to state 40
    FPVAL   shift, and go to state 41
    UNM     shift, and go to state 42
    LPAREN  shift, and go to state 43

    $default  reduce using rule 74 (exp)

    exp   go to state 47
    name  go to state 45


state 29

   15 element: name name .

    $default  reduce using rule 15 (element)


state 30

   19 element: ASSERT name COLON . exp STRING

    ID      shift, and go to state 6
    ALL     shift, and go to state 35
    NOT     shift, and go to state 36
    TRUE    shift, and go to state 37
    FALSE   shift, and go to state 38
    ACTIVE  shift, and go to state 39
    ALIAS   shift, and go to state 40
    FPVAL   shift, and go to state 41
    UNM     shift, and go to state 42
    LPAREN  shift, and go to state 43

    $default  reduce using rule 74 (exp)

    exp   go to state 48
    name  go to state 45


state 31

   13 element: io REF name .

    $default  reduce using rule 13 (element)


state 32

   32 act: PUSH .

    $default  reduce using rule 32 (act)


state 33

   31 act: PULL .

    $default  reduce using rule 31 (act)


state 34

    8 element: io when act . how SOURCE name of
    9        | io when act . how DRAIN name of
   10        | io when act . how GATE name of
   11        | io when act . how POOL name of at max add
   12        | io when act . how CONVERTER name from to
   14        | io when act . how LBRACE RBRACE name of at max

    ALL  shift, and go to state 49
    ANY  shift, and go to state 50

    $default  reduce using rule 36 (how)

    how  go to state 51


state 35

   70 exp: ALL .

    $default  reduce using rule 70 (exp)


state 36

   62 exp: NOT . exp

    ID      shift, and go to state 6
    ALL     shift, and go to state 35
    NOT     shift, and go to state 36
    TRUE    shift, and go to state 37
    FALSE   shift, and go to state 38
    ACTIVE  shift, and go to state 39
    ALIAS   shift, and go to state 40
    FPVAL   shift, and go to state 41
    UNM     shift, and go to state 42
    LPAREN  shift, and go to state 43

    $default  reduce using rule 74 (exp)

    exp   go to state 52
    name  go to state 45


state 37

   68 exp: TRUE .

    $default  reduce using rule 68 (exp)


state 38

   69 exp: FALSE .

    $default  reduce using rule 69 (exp)


state 39

   71 exp: ACTIVE . name

    ID  shift, and go to state 6

    name  go to state 53


state 40

   72 exp: ALIAS .

    $default  reduce using rule 72 (exp)


state 41

   64 exp: FPVAL . PER FPVAL
   66    | FPVAL . RANGE FPVAL
   67    | FPVAL .

    PER    shift, and go to state 54
    RANGE  shift, and go to state 55

    $default  reduce using rule 67 (exp)


state 42

   61 exp: UNM . exp

    ID      shift, and go to state 6
    ALL     shift, and go to state 35
    NOT     shift, and go to state 36
    TRUE    shift, and go to state 37
    FALSE   shift, and go to state 38
    ACTIVE  shift, and go to state 39
    ALIAS   shift, and go to state 40
    FPVAL   shift, and go to state 41
    UNM     shift, and go to state 42
    LPAREN  shift, and go to state 43

    $default  reduce using rule 74 (exp)

    exp   go to state 56
    name  go to state 45


state 43

   65 exp: LPAREN . exp RPAREN

    ID      shift, and go to state 6
    ALL     shift, and go to state 35
    NOT     shift, and go to state 36
    TRUE    shift, and go to state 37
    FALSE   shift, and go to state 38
    ACTIVE  shift, and go to state 39
    ALIAS   shift, and go to state 40
    FPVAL   shift, and go to state 41
    UNM     shift, and go to state 42
    LPAREN  shift, and go to state 43

    $default  reduce using rule 74 (exp)

    exp   go to state 57
    name  go to state 45


state 44

   16 element: name DOT exp . DOT_GT name
   49 exp: exp . AND exp
   50    | exp . OR exp
   51    | exp . GT exp
   52    | exp . GE exp
   53    | exp . LT exp
   54    | exp . LE exp
   55    | exp . NE exp
   56    | exp . EQ exp
   57    | exp . ADD exp
   58    | exp . SUB exp
   59    | exp . MUL exp
   60    | exp . DIV exp
   63    | exp . PERCENT

    EQ       shift, and go to state 58
    NE       shift, and go to state 59
    LT       shift, and go to state 60
    GT       shift, and go to state 61
    LE       shift, and go to state 62
    GE       shift, and go to state 63
    AND      shift, and go to state 64
    OR       shift, and go to state 65
    DOT_GT   shift, and go to state 66
    PERCENT  shift, and go to state 67
    SUB      shift, and go to state 68
    ADD      shift, and go to state 69
    MUL      shift, and go to state 70
    DIV      shift, and go to state 71


state 45

   73 exp: name .

    $default  reduce using rule 73 (exp)


state 46

    6 elementList: elementList . element
   18 element: name LCURLY elementList . RCURLY

    ID       shift, and go to state 6
    PRIVATE  shift, and go to state 7
    IN       shift, and go to state 8
    OUT      shift, and go to state 9
    INOUT    shift, and go to state 10
    ASSERT   shift, and go to state 11
    DELETE   shift, and go to state 12
    RCURLY   shift, and go to state 72

    $default  reduce using rule 25 (io)

    element  go to state 15
    io       go to state 16
    name     go to state 17


state 47

   17 element: name SUB exp . SUB_GT name
   49 exp: exp . AND exp
   50    | exp . OR exp
   51    | exp . GT exp
   52    | exp . GE exp
   53    | exp . LT exp
   54    | exp . LE exp
   55    | exp . NE exp
   56    | exp . EQ exp
   57    | exp . ADD exp
   58    | exp . SUB exp
   59    | exp . MUL exp
   60    | exp . DIV exp
   63    | exp . PERCENT

    EQ       shift, and go to state 58
    NE       shift, and go to state 59
    LT       shift, and go to state 60
    GT       shift, and go to state 61
    LE       shift, and go to state 62
    GE       shift, and go to state 63
    AND      shift, and go to state 64
    OR       shift, and go to state 65
    SUB_GT   shift, and go to state 73
    PERCENT  shift, and go to state 67
    SUB      shift, and go to state 68
    ADD      shift, and go to state 69
    MUL      shift, and go to state 70
    DIV      shift, and go to state 71


state 48

   19 element: ASSERT name COLON exp . STRING
   49 exp: exp . AND exp
   50    | exp . OR exp
   51    | exp . GT exp
   52    | exp . GE exp
   53    | exp . LT exp
   54    | exp . LE exp
   55    | exp . NE exp
   56    | exp . EQ exp
   57    | exp . ADD exp
   58    | exp . SUB exp
   59    | exp . MUL exp
   60    | exp . DIV exp
   63    | exp . PERCENT

    EQ       shift, and go to state 58
    NE       shift, and go to state 59
    LT       shift, and go to state 60
    GT       shift, and go to state 61
    LE       shift, and go to state 62
    GE       shift, and go to state 63
    AND      shift, and go to state 64
    OR       shift, and go to state 65
    PERCENT  shift, and go to state 67
    SUB      shift, and go to state 68
    ADD      shift, and go to state 69
    MUL      shift, and go to state 70
    DIV      shift, and go to state 71
    STRING   shift, and go to state 74


state 49

   35 how: ALL .

    $default  reduce using rule 35 (how)


state 50

   34 how: ANY .

    $default  reduce using rule 34 (how)


state 51

    8 element: io when act how . SOURCE name of
    9        | io when act how . DRAIN name of
   10        | io when act how . GATE name of
   11        | io when act how . POOL name of at max add
   12        | io when act how . CONVERTER name from to
   14        | io when act how . LBRACE RBRACE name of at max

    LBRACE     shift, and go to state 75
    SOURCE     shift, and go to state 76
    DRAIN      shift, and go to state 77
    POOL       shift, and go to state 78
    GATE       shift, and go to state 79
    CONVERTER  shift, and go to state 80


state 52

   49 exp: exp . AND exp
   50    | exp . OR exp
   51    | exp . GT exp
   52    | exp . GE exp
   53    | exp . LT exp
   54    | exp . LE exp
   55    | exp . NE exp
   56    | exp . EQ exp
   57    | exp . ADD exp
   58    | exp . SUB exp
   59    | exp . MUL exp
   60    | exp . DIV exp
   62    | NOT exp .
   63    | exp . PERCENT

    $default  reduce using rule 62 (exp)


state 53

   71 exp: ACTIVE name .

    $default  reduce using rule 71 (exp)


state 54

   64 exp: FPVAL PER . FPVAL

    FPVAL  shift, and go to state 81


state 55

   66 exp: FPVAL RANGE . FPVAL

    FPVAL  shift, and go to state 82


state 56

   49 exp: exp . AND exp
   50    | exp . OR exp
   51    | exp . GT exp
   52    | exp . GE exp
   53    | exp . LT exp
   54    | exp . LE exp
   55    | exp . NE exp
   56    | exp . EQ exp
   57    | exp . ADD exp
   58    | exp . SUB exp
   59    | exp . MUL exp
   60    | exp . DIV exp
   61    | UNM exp .
   63    | exp . PERCENT

    $default  reduce using rule 61 (exp)


state 57

   49 exp: exp . AND exp
   50    | exp . OR exp
   51    | exp . GT exp
   52    | exp . GE exp
   53    | exp . LT exp
   54    | exp . LE exp
   55    | exp . NE exp
   56    | exp . EQ exp
   57    | exp . ADD exp
   58    | exp . SUB exp
   59    | exp . MUL exp
   60    | exp . DIV exp
   63    | exp . PERCENT
   65    | LPAREN exp . RPAREN

    EQ       shift, and go to state 58
    NE       shift, and go to state 59
    LT       shift, and go to state 60
    GT       shift, and go to state 61
    LE       shift, and go to state 62
    GE       shift, and go to state 63
    AND      shift, and go to state 64
    OR       shift, and go to state 65
    PERCENT  shift, and go to state 67
    SUB      shift, and go to state 68
    ADD      shift, and go to state 69
    MUL      shift, and go to state 70
    DIV      shift, and go to state 71
    RPAREN   shift, and go to state 83


state 58

   56 exp: exp EQ . exp

    ID      shift, and go to state 6
    ALL     shift, and go to state 35
    NOT     shift, and go to state 36
    TRUE    shift, and go to state 37
    FALSE   shift, and go to state 38
    ACTIVE  shift, and go to state 39
    ALIAS   shift, and go to state 40
    FPVAL   shift, and go to state 41
    UNM     shift, and go to state 42
    LPAREN  shift, and go to state 43

    $default  reduce using rule 74 (exp)

    exp   go to state 84
    name  go to state 45


state 59

   55 exp: exp NE . exp

    ID      shift, and go to state 6
    ALL     shift, and go to state 35
    NOT     shift, and go to state 36
    TRUE    shift, and go to state 37
    FALSE   shift, and go to state 38
    ACTIVE  shift, and go to state 39
    ALIAS   shift, and go to state 40
    FPVAL   shift, and go to state 41
    UNM     shift, and go to state 42
    LPAREN  shift, and go to state 43

    $default  reduce using rule 74 (exp)

    exp   go to state 85
    name  go to state 45


state 60

   53 exp: exp LT . exp

    ID      shift, and go to state 6
    ALL     shift, and go to state 35
    NOT     shift, and go to state 36
    TRUE    shift, and go to state 37
    FALSE   shift, and go to state 38
    ACTIVE  shift, and go to state 39
    ALIAS   shift, and go to state 40
    FPVAL   shift, and go to state 41
    UNM     shift, and go to state 42
    LPAREN  shift, and go to state 43

    $default  reduce using rule 74 (exp)

    exp   go to state 86
    name  go to state 45


state 61

   51 exp: exp GT . exp

    ID      shift, and go to state 6
    ALL     shift, and go to state 35
    NOT     shift, and go to state 36
    TRUE    shift, and go to state 37
    FALSE   shift, and go to state 38
    ACTIVE  shift, and go to state 39
    ALIAS   shift, and go to state 40
    FPVAL   shift, and go to state 41
    UNM     shift, and go to state 42
    LPAREN  shift, and go to state 43

    $default  reduce using rule 74 (exp)

    exp   go to state 87
    name  go to state 45


state 62

   54 exp: exp LE . exp

    ID      shift, and go to state 6
    ALL     shift, and go to state 35
    NOT     shift, and go to state 36
    TRUE    shift, and go to state 37
    FALSE   shift, and go to state 38
    ACTIVE  shift, and go to state 39
    ALIAS   shift, and go to state 40
    FPVAL   shift, and go to state 41
    UNM     shift, and go to state 42
    LPAREN  shift, and go to state 43

    $default  reduce using rule 74 (exp)

    exp   go to state 88
    name  go to state 45


state 63

   52 exp: exp GE . exp

    ID      shift, and go to state 6
    ALL     shift, and go to state 35
    NOT     shift, and go to state 36
    TRUE    shift, and go to state 37
    FALSE   shift, and go to state 38
    ACTIVE  shift, and go to state 39
    ALIAS   shift, and go to state 40
    FPVAL   shift, and go to state 41
    UNM     shift, and go to state 42
    LPAREN  shift, and go to state 43

    $default  reduce using rule 74 (exp)

    exp   go to state 89
    name  go to state 45


state 64

   49 exp: exp AND . exp

    ID      shift, and go to state 6
    ALL     shift, and go to state 35
    NOT     shift, and go to state 36
    TRUE    shift, and go to state 37
    FALSE   shift, and go to state 38
    ACTIVE  shift, and go to state 39
    ALIAS   shift, and go to state 40
    FPVAL   shift, and go to state 41
    UNM     shift, and go to state 42
    LPAREN  shift, and go to state 43

    $default  reduce using rule 74 (exp)

    exp   go to state 90
    name  go to state 45


state 65

   50 exp: exp OR . exp

    ID      shift, and go to state 6
    ALL     shift, and go to state 35
    NOT     shift, and go to state 36
    TRUE    shift, and go to state 37
    FALSE   shift, and go to state 38
    ACTIVE  shift, and go to state 39
    ALIAS   shift, and go to state 40
    FPVAL   shift, and go to state 41
    UNM     shift, and go to state 42
    LPAREN  shift, and go to state 43

    $default  reduce using rule 74 (exp)

    exp   go to state 91
    name  go to state 45


state 66

   16 element: name DOT exp DOT_GT . name

    ID  shift, and go to state 6

    name  go to state 92


state 67

   63 exp: exp PERCENT .

    $default  reduce using rule 63 (exp)


state 68

   58 exp: exp SUB . exp

    ID      shift, and go to state 6
    ALL     shift, and go to state 35
    NOT     shift, and go to state 36
    TRUE    shift, and go to state 37
    FALSE   shift, and go to state 38
    ACTIVE  shift, and go to state 39
    ALIAS   shift, and go to state 40
    FPVAL   shift, and go to state 41
    UNM     shift, and go to state 42
    LPAREN  shift, and go to state 43

    $default  reduce using rule 74 (exp)

    exp   go to state 93
    name  go to state 45


state 69

   57 exp: exp ADD . exp

    ID      shift, and go to state 6
    ALL     shift, and go to state 35
    NOT     shift, and go to state 36
    TRUE    shift, and go to state 37
    FALSE   shift, and go to state 38
    ACTIVE  shift, and go to state 39
    ALIAS   shift, and go to state 40
    FPVAL   shift, and go to state 41
    UNM     shift, and go to state 42
    LPAREN  shift, and go to state 43

    $default  reduce using rule 74 (exp)

    exp   go to state 94
    name  go to state 45


state 70

   59 exp: exp MUL . exp

    ID      shift, and go to state 6
    ALL     shift, and go to state 35
    NOT     shift, and go to state 36
    TRUE    shift, and go to state 37
    FALSE   shift, and go to state 38
    ACTIVE  shift, and go to state 39
    ALIAS   shift, and go to state 40
    FPVAL   shift, and go to state 41
    UNM     shift, and go to state 42
    LPAREN  shift, and go to state 43

    $default  reduce using rule 74 (exp)

    exp   go to state 95
    name  go to state 45


state 71

   60 exp: exp DIV . exp

    ID      shift, and go to state 6
    ALL     shift, and go to state 35
    NOT     shift, and go to state 36
    TRUE    shift, and go to state 37
    FALSE   shift, and go to state 38
    ACTIVE  shift, and go to state 39
    ALIAS   shift, and go to state 40
    FPVAL   shift, and go to state 41
    UNM     shift, and go to state 42
    LPAREN  shift, and go to state 43

    $default  reduce using rule 74 (exp)

    exp   go to state 96
    name  go to state 45


state 72

   18 element: name LCURLY elementList RCURLY .

    $default  reduce using rule 18 (element)


state 73

   17 element: name SUB exp SUB_GT . name

    ID  shift, and go to state 6

    name  go to state 97


state 74

   19 element: ASSERT name COLON exp STRING .

    $default  reduce using rule 19 (element)


state 75

   14 element: io when act how LBRACE . RBRACE name of at max

    RBRACE  shift, and go to state 98


state 76

    8 element: io when act how SOURCE . name of

    ID  shift, and go to state 6

    name  go to state 99


state 77

    9 element: io when act how DRAIN . name of

    ID  shift, and go to state 6

    name  go to state 100


state 78

   11 element: io when act how POOL . name of at max add

    ID  shift, and go to state 6

    name  go to state 101


state 79

   10 element: io when act how GATE . name of

    ID  shift, and go to state 6

    name  go to state 102


state 80

   12 element: io when act how CONVERTER . name from to

    ID  shift, and go to state 6

    name  go to state 103


state 81

   64 exp: FPVAL PER FPVAL .

    $default  reduce using rule 64 (exp)


state 82

   66 exp: FPVAL RANGE FPVAL .

    $default  reduce using rule 66 (exp)


state 83

   65 exp: LPAREN exp RPAREN .

    $default  reduce using rule 65 (exp)


state 84

   49 exp: exp . AND exp
   50    | exp . OR exp
   51    | exp . GT exp
   52    | exp . GE exp
   53    | exp . LT exp
   54    | exp . LE exp
   55    | exp . NE exp
   56    | exp . EQ exp
   56    | exp EQ exp .
   57    | exp . ADD exp
   58    | exp . SUB exp
   59    | exp . MUL exp
   60    | exp . DIV exp
   63    | exp . PERCENT

    PERCENT  shift, and go to state 67
    SUB      shift, and go to state 68
    ADD      shift, and go to state 69
    MUL      shift, and go to state 70
    DIV      shift, and go to state 71

    $default  reduce using rule 56 (exp)


state 85

   49 exp: exp . AND exp
   50    | exp . OR exp
   51    | exp . GT exp
   52    | exp . GE exp
   53    | exp . LT exp
   54    | exp . LE exp
   55    | exp . NE exp
   55    | exp NE exp .
   56    | exp . EQ exp
   57    | exp . ADD exp
   58    | exp . SUB exp
   59    | exp . MUL exp
   60    | exp . DIV exp
   63    | exp . PERCENT

    PERCENT  shift, and go to state 67
    SUB      shift, and go to state 68
    ADD      shift, and go to state 69
    MUL      shift, and go to state 70
    DIV      shift, and go to state 71

    $default  reduce using rule 55 (exp)


state 86

   49 exp: exp . AND exp
   50    | exp . OR exp
   51    | exp . GT exp
   52    | exp . GE exp
   53    | exp . LT exp
   53    | exp LT exp .
   54    | exp . LE exp
   55    | exp . NE exp
   56    | exp . EQ exp
   57    | exp . ADD exp
   58    | exp . SUB exp
   59    | exp . MUL exp
   60    | exp . DIV exp
   63    | exp . PERCENT

    PERCENT  shift, and go to state 67
    SUB      shift, and go to state 68
    ADD      shift, and go to state 69
    MUL      shift, and go to state 70
    DIV      shift, and go to state 71

    $default  reduce using rule 53 (exp)


state 87

   49 exp: exp . AND exp
   50    | exp . OR exp
   51    | exp . GT exp
   51    | exp GT exp .
   52    | exp . GE exp
   53    | exp . LT exp
   54    | exp . LE exp
   55    | exp . NE exp
   56    | exp . EQ exp
   57    | exp . ADD exp
   58    | exp . SUB exp
   59    | exp . MUL exp
   60    | exp . DIV exp
   63    | exp . PERCENT

    PERCENT  shift, and go to state 67
    SUB      shift, and go to state 68
    ADD      shift, and go to state 69
    MUL      shift, and go to state 70
    DIV      shift, and go to state 71

    $default  reduce using rule 51 (exp)


state 88

   49 exp: exp . AND exp
   50    | exp . OR exp
   51    | exp . GT exp
   52    | exp . GE exp
   53    | exp . LT exp
   54    | exp . LE exp
   54    | exp LE exp .
   55    | exp . NE exp
   56    | exp . EQ exp
   57    | exp . ADD exp
   58    | exp . SUB exp
   59    | exp . MUL exp
   60    | exp . DIV exp
   63    | exp . PERCENT

    PERCENT  shift, and go to state 67
    SUB      shift, and go to state 68
    ADD      shift, and go to state 69
    MUL      shift, and go to state 70
    DIV      shift, and go to state 71

    $default  reduce using rule 54 (exp)


state 89

   49 exp: exp . AND exp
   50    | exp . OR exp
   51    | exp . GT exp
   52    | exp . GE exp
   52    | exp GE exp .
   53    | exp . LT exp
   54    | exp . LE exp
   55    | exp . NE exp
   56    | exp . EQ exp
   57    | exp . ADD exp
   58    | exp . SUB exp
   59    | exp . MUL exp
   60    | exp . DIV exp
   63    | exp . PERCENT

    PERCENT  shift, and go to state 67
    SUB      shift, and go to state 68
    ADD      shift, and go to state 69
    MUL      shift, and go to state 70
    DIV      shift, and go to state 71

    $default  reduce using rule 52 (exp)


state 90

   49 exp: exp . AND exp
   49    | exp AND exp .
   50    | exp . OR exp
   51    | exp . GT exp
   52    | exp . GE exp
   53    | exp . LT exp
   54    | exp . LE exp
   55    | exp . NE exp
   56    | exp . EQ exp
   57    | exp . ADD exp
   58    | exp . SUB exp
   59    | exp . MUL exp
   60    | exp . DIV exp
   63    | exp . PERCENT

    EQ       shift, and go to state 58
    NE       shift, and go to state 59
    LT       shift, and go to state 60
    GT       shift, and go to state 61
    LE       shift, and go to state 62
    GE       shift, and go to state 63
    PERCENT  shift, and go to state 67
    SUB      shift, and go to state 68
    ADD      shift, and go to state 69
    MUL      shift, and go to state 70
    DIV      shift, and go to state 71

    $default  reduce using rule 49 (exp)


state 91

   49 exp: exp . AND exp
   50    | exp . OR exp
   50    | exp OR exp .
   51    | exp . GT exp
   52    | exp . GE exp
   53    | exp . LT exp
   54    | exp . LE exp
   55    | exp . NE exp
   56    | exp . EQ exp
   57    | exp . ADD exp
   58    | exp . SUB exp
   59    | exp . MUL exp
   60    | exp . DIV exp
   63    | exp . PERCENT

    EQ       shift, and go to state 58
    NE       shift, and go to state 59
    LT       shift, and go to state 60
    GT       shift, and go to state 61
    LE       shift, and go to state 62
    GE       shift, and go to state 63
    PERCENT  shift, and go to state 67
    SUB      shift, and go to state 68
    ADD      shift, and go to state 69
    MUL      shift, and go to state 70
    DIV      shift, and go to state 71

    $default  reduce using rule 50 (exp)


state 92

   16 element: name DOT exp DOT_GT name .

    $default  reduce using rule 16 (element)


state 93

   49 exp: exp . AND exp
   50    | exp . OR exp
   51    | exp . GT exp
   52    | exp . GE exp
   53    | exp . LT exp
   54    | exp . LE exp
   55    | exp . NE exp
   56    | exp . EQ exp
   57    | exp . ADD exp
   58    | exp . SUB exp
   58    | exp SUB exp .
   59    | exp . MUL exp
   60    | exp . DIV exp
   63    | exp . PERCENT

    PERCENT  shift, and go to state 67
    MUL      shift, and go to state 70
    DIV      shift, and go to state 71

    $default  reduce using rule 58 (exp)


state 94

   49 exp: exp . AND exp
   50    | exp . OR exp
   51    | exp . GT exp
   52    | exp . GE exp
   53    | exp . LT exp
   54    | exp . LE exp
   55    | exp . NE exp
   56    | exp . EQ exp
   57    | exp . ADD exp
   57    | exp ADD exp .
   58    | exp . SUB exp
   59    | exp . MUL exp
   60    | exp . DIV exp
   63    | exp . PERCENT

    PERCENT  shift, and go to state 67
    MUL      shift, and go to state 70
    DIV      shift, and go to state 71

    $default  reduce using rule 57 (exp)


state 95

   49 exp: exp . AND exp
   50    | exp . OR exp
   51    | exp . GT exp
   52    | exp . GE exp
   53    | exp . LT exp
   54    | exp . LE exp
   55    | exp . NE exp
   56    | exp . EQ exp
   57    | exp . ADD exp
   58    | exp . SUB exp
   59    | exp . MUL exp
   59    | exp MUL exp .
   60    | exp . DIV exp
   63    | exp . PERCENT

    PERCENT  shift, and go to state 67

    $default  reduce using rule 59 (exp)


state 96

   49 exp: exp . AND exp
   50    | exp . OR exp
   51    | exp . GT exp
   52    | exp . GE exp
   53    | exp . LT exp
   54    | exp . LE exp
   55    | exp . NE exp
   56    | exp . EQ exp
   57    | exp . ADD exp
   58    | exp . SUB exp
   59    | exp . MUL exp
   60    | exp . DIV exp
   60    | exp DIV exp .
   63    | exp . PERCENT

    PERCENT  shift, and go to state 67

    $default  reduce using rule 60 (exp)


state 97

   17 element: name SUB exp SUB_GT name .

    $default  reduce using rule 17 (element)


state 98

   14 element: io when act how LBRACE RBRACE . name of at max

    ID  shift, and go to state 6

    name  go to state 104


state 99

    8 element: io when act how SOURCE name . of

    OF  shift, and go to state 105

    $default  reduce using rule 44 (of)

    of  go to state 106


state 100

    9 element: io when act how DRAIN name . of

    OF  shift, and go to state 105

    $default  reduce using rule 44 (of)

    of  go to state 107


state 101

   11 element: io when act how POOL name . of at max add

    OF  shift, and go to state 105

    $default  reduce using rule 44 (of)

    of  go to state 108


state 102

   10 element: io when act how GATE name . of

    OF  shift, and go to state 105

    $default  reduce using rule 44 (of)

    of  go to state 109


state 103

   12 element: io when act how CONVERTER name . from to

    FROM  shift, and go to state 110

    $default  reduce using rule 46 (from)

    from  go to state 111


state 104

   14 element: io when act how LBRACE RBRACE name . of at max

    OF  shift, and go to state 105

    $default  reduce using rule 44 (of)

    of  go to state 112


state 105

   43 of: OF . name

    ID  shift, and go to state 6

    name  go to state 113


state 106

    8 element: io when act how SOURCE name of .

    $default  reduce using rule 8 (element)


state 107

    9 element: io when act how DRAIN name of .

    $default  reduce using rule 9 (element)


state 108

   11 element: io when act how POOL name of . at max add

    AT  shift, and go to state 114

    $default  reduce using rule 38 (at)

    at  go to state 115


state 109

   10 element: io when act how GATE name of .

    $default  reduce using rule 10 (element)


state 110

   45 from: FROM . name

    ID  shift, and go to state 6

    name  go to state 116


state 111

   12 element: io when act how CONVERTER name from . to

    TO  shift, and go to state 117

    $default  reduce using rule 48 (to)

    to  go to state 118


state 112

   14 element: io when act how LBRACE RBRACE name of . at max

    AT  shift, and go to state 114

    $default  reduce using rule 38 (at)

    at  go to state 119


state 113

   43 of: OF name .

    $default  reduce using rule 43 (of)


state 114

   37 at: AT . FPVAL

    FPVAL  shift, and go to state 120


state 115

   11 element: io when act how POOL name of at . max add

    MAX  shift, and go to state 121

    $default  reduce using rule 40 (max)

    max  go to state 122


state 116

   45 from: FROM name .

    $default  reduce using rule 45 (from)


state 117

   47 to: TO . name

    ID  shift, and go to state 6

    name  go to state 123


state 118

   12 element: io when act how CONVERTER name from to .

    $default  reduce using rule 12 (element)


state 119

   14 element: io when act how LBRACE RBRACE name of at . max

    MAX  shift, and go to state 121

    $default  reduce using rule 40 (max)

    max  go to state 124


state 120

   37 at: AT FPVAL .

    $default  reduce using rule 37 (at)


state 121

   39 max: MAX . FPVAL

    FPVAL  shift, and go to state 125


state 122

   11 element: io when act how POOL name of at max . add

    ADDITION  shift, and go to state 126

    $default  reduce using rule 42 (add)

    add  go to state 127


state 123

   47 to: TO name .

    $default  reduce using rule 47 (to)


state 124

   14 element: io when act how LBRACE RBRACE name of at max .

    $default  reduce using rule 14 (element)


state 125

   39 max: MAX FPVAL .

    $default  reduce using rule 39 (max)


state 126

   41 add: ADDITION . LPAREN exp RPAREN

    LPAREN  shift, and go to state 128


state 127

   11 element: io when act how POOL name of at max add .

    $default  reduce using rule 11 (element)


state 128

   41 add: ADDITION LPAREN . exp RPAREN

    ID      shift, and go to state 6
    ALL     shift, and go to state 35
    NOT     shift, and go to state 36
    TRUE    shift, and go to state 37
    FALSE   shift, and go to state 38
    ACTIVE  shift, and go to state 39
    ALIAS   shift, and go to state 40
    FPVAL   shift, and go to state 41
    UNM     shift, and go to state 42
    LPAREN  shift, and go to state 43

    $default  reduce using rule 74 (exp)

    exp   go to state 129
    name  go to state 45


state 129

   41 add: ADDITION LPAREN exp . RPAREN
   49 exp: exp . AND exp
   50    | exp . OR exp
   51    | exp . GT exp
   52    | exp . GE exp
   53    | exp . LT exp
   54    | exp . LE exp
   55    | exp . NE exp
   56    | exp . EQ exp
   57    | exp . ADD exp
   58    | exp . SUB exp
   59    | exp . MUL exp
   60    | exp . DIV exp
   63    | exp . PERCENT

    EQ       shift, and go to state 58
    NE       shift, and go to state 59
    LT       shift, and go to state 60
    GT       shift, and go to state 61
    LE       shift, and go to state 62
    GE       shift, and go to state 63
    AND      shift, and go to state 64
    OR       shift, and go to state 65
    PERCENT  shift, and go to state 67
    SUB      shift, and go to state 68
    ADD      shift, and go to state 69
    MUL      shift, and go to state 70
    DIV      shift, and go to state 71
    RPAREN   shift, and go to state 130


state 130

   41 add: ADDITION LPAREN exp RPAREN .

    $default  reduce using rule 41 (add)
